This is pdfTeX, Version 3.141592653-2.6-1.40.23 (TeX Live 2021) (preloaded format=pdflatex 2021.11.8)  24 JAN 2023 17:09
entering extended mode
 restricted \write18 enabled.
 %&-line parsing enabled.
**warbreaker_full.tex
(./warbreaker_full.tex
LaTeX2e <2021-06-01> patch level 1
L3 programming layer <2021-10-18>
(/opt/texlive/2021/texmf-dist/tex/latex/base/article.cls
Document Class: article 2021/02/12 v1.4n Standard LaTeX document class
(/opt/texlive/2021/texmf-dist/tex/latex/base/size12.clo
File: size12.clo 2021/02/12 v1.4n Standard LaTeX file (size option)
)
\c@part=\count182
\c@section=\count183
\c@subsection=\count184
\c@subsubsection=\count185
\c@paragraph=\count186
\c@subparagraph=\count187
\c@figure=\count188
\c@table=\count189
\abovecaptionskip=\skip47
\belowcaptionskip=\skip48
\bibindent=\dimen138
)
(/opt/texlive/2021/texmf-dist/tex/latex/base/inputenc.sty
Package: inputenc 2021/02/14 v1.3d Input encoding file
\inpenc@prehook=\toks16
\inpenc@posthook=\toks17
)
(/opt/texlive/2021/texmf-dist/tex/latex/l3backend/l3backend-pdftex.def
File: l3backend-pdftex.def 2021-10-18 L3 backend support: PDF output (pdfTeX)
\l__color_backend_stack_int=\count190
\l__pdf_internal_box=\box50
)
(./warbreaker_full.aux (./introduction.aux) (./rights_explanation.aux)
(./acknowledgements.aux) (./prologue.aux) (./annotation_prologue.aux)
(./annotation_prologue_part_2.aux) (./annotation_prologue_part_3.aux)
(./chapter_one.aux) (./annotation_chapter_one.aux)
(./annotation_chapter_one_part_2.aux) (./chapter_two.aux)
(./annotation_chapter_two.aux) (./annotation_chapter_two_part_2.aux)
(./chapter_three.aux) (./annotation_chapter_three.aux)
(./annotation_chapter_three_part_2.aux) (./chapter_four.aux)
(./annotation_chapter_four.aux))
\openout1 = `warbreaker_full.aux'.

LaTeX Font Info:    Checking defaults for OML/cmm/m/it on input line 5.
LaTeX Font Info:    ... okay on input line 5.
LaTeX Font Info:    Checking defaults for OMS/cmsy/m/n on input line 5.
LaTeX Font Info:    ... okay on input line 5.
LaTeX Font Info:    Checking defaults for OT1/cmr/m/n on input line 5.
LaTeX Font Info:    ... okay on input line 5.
LaTeX Font Info:    Checking defaults for T1/cmr/m/n on input line 5.
LaTeX Font Info:    ... okay on input line 5.
LaTeX Font Info:    Checking defaults for TS1/cmr/m/n on input line 5.
LaTeX Font Info:    ... okay on input line 5.
LaTeX Font Info:    Checking defaults for OMX/cmex/m/n on input line 5.
LaTeX Font Info:    ... okay on input line 5.
LaTeX Font Info:    Checking defaults for U/cmr/m/n on input line 5.
LaTeX Font Info:    ... okay on input line 5.
\openout2 = `introduction.aux'.

 (./introduction.tex [1


{/opt/texlive/2021/texmf-var/fonts/map/pdftex/updmap/pdftex.map}] [2]) [3]
\openout2 = `rights_explanation.aux'.

 (./rights_explanation.tex)
[4



]
\openout2 = `acknowledgements.aux'.

 (./acknowledgements.tex) [5



]
\openout2 = `prologue.aux'.

 (./prologue.tex
Overfull \hbox (34.73717pt too wide) in paragraph at lines 23--24
[]\OT1/cmr/m/n/12 \Here, now," said one of the men look-ing through Vasher's du
f-fel. \What's \OT1/cmr/m/it/12 this\OT1/cmr/m/n/12 ?"
 []

[6



]
Overfull \hbox (42.3335pt too wide) in paragraph at lines 35--36
\OT1/cmr/m/n/12 the guard's vest had when he ap-proached Vasher. In-stead, they
 grew \OT1/cmr/m/it/12 stronger. \OT1/cmr/m/n/12 Darker.
 []

[7] [8] [9] [10] [11] [12]
Overfull \hbox (28.16093pt too wide) in paragraph at lines 181--182
[]\OT1/cmr/m/n/12 It twisted im-me-di-ately, pulling away a large|yet now in-co
n-se-quen-tial|amount
 []

) [13]
\openout2 = `annotation_prologue.aux'.

 (./annotation_prologue.tex [14



]) [15]
\openout2 = `annotation_prologue_part_2.aux'.

 (./annotation_prologue_part_2.tex
Overfull \hbox (27.01295pt too wide) in paragraph at lines 5--5
[]\OT1/cmr/bx/n/14.4 The Guard Ap-proaches, and His Cloth-ing Be-comes Brighter
 
 []

[16



]) [17]
\openout2 = `annotation_prologue_part_3.aux'.

 (./annotation_prologue_part_3.tex
Overfull \hbox (2.96814pt too wide) in paragraph at lines 13--14
[]\OT1/cmr/m/n/12 One thing to re-mem-ber about de-sign-ing magic sys-tems|part
icularly those
 []

[18



]) [19]
\openout2 = `chapter_one.aux'.

 (./chapter_one.tex [20



] [21] [22] [23] [24] [25] [26] [27]) [28]
\openout2 = `annotation_chapter_one.aux'.


(./annotation_chapter_one.tex [29



] [30]) [31]
\openout2 = `annotation_chapter_one_part_2.aux'.


(./annotation_chapter_one_part_2.tex [32



]) [33]
\openout2 = `chapter_two.aux'.

 (./chapter_two.tex
Overfull \hbox (0.90698pt too wide) in paragraph at lines 11--12
[]\OT1/cmr/m/it/12 This isn't the way it's sup-posed to be, \OT1/cmr/m/n/12 she
 thought. \OT1/cmr/m/it/12 This isn't the way \OT1/cmr/m/n/12 any \OT1/cmr/m/it
/12 of
 []

[34



] [35]
Overfull \hbox (8.26486pt too wide) in paragraph at lines 75--76
\OT1/cmr/m/n/12 bet-ter suited to rule dur-ing wartime than Vivenna. Be-sides, 
Ridger|Vivenna's
 []

[36]
Overfull \hbox (0.87927pt too wide) in paragraph at lines 93--94
[]\OT1/cmr/m/n/12 She eyed the poor guard|whose only way of deal-ing with a rav
-ing princess
 []

[37] [38]
Overfull \hbox (3.14183pt too wide) in paragraph at lines 129--130
[]\OT1/cmr/m/it/12 Thereby un-set-tling the or-der of things even fur-ther, \OT
1/cmr/m/n/12 Vivenna thought. \OT1/cmr/m/it/12 What
 []

[39]) [40]
\openout2 = `annotation_chapter_two.aux'.

 (./annotation_chapter_two.tex [41



]

! Package inputenc Error: Unicode character 😉 (U+1F609)
(inputenc)                not set up for use with LaTeX.

See the inputenc package documentation for explanation.
Type  H <return>  for immediate help.
 ...                                              
                                                  
l.33 ..."false" role="img" class="emoji" alt="😉
                                                  " src="https://s.w.org/ima...

? x
 
Here is how much of TeX's memory you used:
 593 strings out of 478579
 12248 string characters out of 5829409
 309728 words of memory out of 5000000
 18491 multiletter control sequences out of 15000+600000
 405286 words of font info for 33 fonts, out of 8000000 for 9000
 1141 hyphenation exceptions out of 8191
 34i,6n,41p,966b,109s stack positions out of 5000i,500n,10000p,200000b,80000s
</opt/texlive/2021/texmf-dist/fonts/type1/public/amsfonts/cm/cmbx12.pfb></opt/t
exlive/2021/texmf-dist/fonts/type1/public/amsfonts/cm/cmr12.pfb></opt/texlive/2
021/texmf-dist/fonts/type1/public/amsfonts/cm/cmti12.pfb>
Output written on warbreaker_full.pdf (41 pages, 156130 bytes).
PDF statistics:
 153 PDF objects out of 1000 (max. 8388607)
 102 compressed objects within 2 object streams
 0 named destinations out of 1000 (max. 500000)
 1 words of extra memory for PDF output out of 10000 (max. 10000000)

