\BOOKMARK [0][-]{chapter*.1}{\376\377\000I\000n\000t\000r\000o\000d\000u\000c\000t\000i\000o\000n}{}% 1
\BOOKMARK [0][-]{chapter*.2}{\376\377\000R\000i\000g\000h\000t\000s\000\040\000E\000x\000p\000l\000a\000n\000a\000t\000i\000o\000n}{}% 2
\BOOKMARK [0][-]{chapter*.3}{\376\377\000D\000e\000d\000i\000c\000a\000t\000i\000o\000n}{}% 3
\BOOKMARK [0][-]{chapter*.4}{\376\377\000A\000c\000k\000n\000o\000w\000l\000e\000d\000g\000e\000m\000e\000n\000t\000s}{}% 4
\BOOKMARK [0][-]{chapter.1}{}{}% 5
\BOOKMARK [0][-]{chapter.2}{}{}% 6
\BOOKMARK [0][-]{chapter.3}{}{}% 7
\BOOKMARK [0][-]{chapter.4}{}{}% 8
\BOOKMARK [0][-]{chapter.5}{}{}% 9
\BOOKMARK [0][-]{chapter.6}{}{}% 10
\BOOKMARK [0][-]{chapter.7}{}{}% 11
\BOOKMARK [0][-]{chapter.8}{}{}% 12
\BOOKMARK [0][-]{chapter.9}{}{}% 13
\BOOKMARK [0][-]{chapter.10}{}{}% 14
\BOOKMARK [0][-]{chapter.11}{}{}% 15
\BOOKMARK [0][-]{chapter.12}{}{}% 16
\BOOKMARK [0][-]{chapter.13}{}{}% 17
\BOOKMARK [0][-]{chapter.14}{}{}% 18
\BOOKMARK [0][-]{chapter.15}{}{}% 19
\BOOKMARK [0][-]{chapter.16}{}{}% 20
\BOOKMARK [0][-]{chapter.17}{}{}% 21
\BOOKMARK [0][-]{chapter.18}{}{}% 22
\BOOKMARK [0][-]{chapter.19}{}{}% 23
\BOOKMARK [0][-]{chapter.20}{}{}% 24
\BOOKMARK [0][-]{chapter.21}{}{}% 25
\BOOKMARK [0][-]{chapter.22}{}{}% 26
\BOOKMARK [0][-]{chapter.23}{}{}% 27
\BOOKMARK [0][-]{chapter.24}{}{}% 28
\BOOKMARK [0][-]{chapter.25}{}{}% 29
\BOOKMARK [0][-]{chapter.26}{}{}% 30
\BOOKMARK [0][-]{chapter.27}{}{}% 31
\BOOKMARK [0][-]{chapter.28}{}{}% 32
\BOOKMARK [0][-]{chapter.29}{}{}% 33
\BOOKMARK [0][-]{chapter.30}{}{}% 34
\BOOKMARK [0][-]{chapter.31}{}{}% 35
\BOOKMARK [0][-]{chapter.32}{}{}% 36
\BOOKMARK [0][-]{chapter.33}{}{}% 37
\BOOKMARK [0][-]{chapter.34}{}{}% 38
\BOOKMARK [0][-]{chapter.35}{}{}% 39
\BOOKMARK [0][-]{chapter.36}{}{}% 40
\BOOKMARK [0][-]{chapter.37}{}{}% 41
\BOOKMARK [0][-]{chapter.38}{}{}% 42
\BOOKMARK [0][-]{chapter.39}{}{}% 43
\BOOKMARK [0][-]{chapter.40}{}{}% 44
\BOOKMARK [0][-]{chapter.41}{}{}% 45
\BOOKMARK [0][-]{chapter.42}{}{}% 46
\BOOKMARK [0][-]{chapter.43}{}{}% 47
\BOOKMARK [0][-]{chapter.44}{}{}% 48
\BOOKMARK [0][-]{chapter.45}{}{}% 49
\BOOKMARK [0][-]{chapter.46}{}{}% 50
\BOOKMARK [0][-]{chapter.47}{}{}% 51
\BOOKMARK [0][-]{chapter.48}{}{}% 52
\BOOKMARK [0][-]{chapter.49}{}{}% 53
\BOOKMARK [0][-]{chapter.50}{}{}% 54
\BOOKMARK [0][-]{chapter.51}{}{}% 55
\BOOKMARK [0][-]{chapter.52}{}{}% 56
\BOOKMARK [0][-]{chapter.53}{}{}% 57
\BOOKMARK [0][-]{chapter.54}{}{}% 58
\BOOKMARK [0][-]{chapter.55}{}{}% 59
\BOOKMARK [0][-]{chapter.56}{}{}% 60
\BOOKMARK [0][-]{chapter.57}{}{}% 61
\BOOKMARK [0][-]{chapter.58}{}{}% 62
